<?xml version="1.0" encoding="UTF-8"?>
<!-- Generated by org.testng.reporters.JUnitXMLReporter -->
<testsuite ignored="0" hostname="DESKTOP-0B95HP3" failures="0" tests="6" name="OpenCarts Tests" time="109.437" errors="0" timestamp="2022-07-09T22:00:41 IST">
  <testcase classname="testCases.TC_001_AccountRegistration" name="test_accout_Registration" time="11.207"/>
  <testcase classname="testCases.TC_002_Login" name="test_Login" time="6.949"/>
  <testcase classname="testCases.TC_003_LoginDDT" name="test_LoginDDT" time="8.594"/>
  <testcase classname="testCases.TC_003_LoginDDT" name="test_LoginDDT" time="15.476"/>
  <testcase classname="testCases.TC_003_LoginDDT" name="test_LoginDDT" time="20.55"/>
  <testcase classname="testCases.TC_003_LoginDDT" name="test_LoginDDT" time="14.857"/>
</testsuite> <!-- OpenCarts Tests -->
