<?xml version="1.0" encoding="UTF-8"?>
<testng-results ignored="0" total="6" passed="6" failed="0" skipped="0">
  <reporter-output>
  </reporter-output>
  <suite started-at="2022-07-09T21:58:52 IST" name="OpenCart Test Suite" finished-at="2022-07-09T22:00:41 IST" duration-ms="109437">
    <groups>
      <group name="regression">
        <method signature="TC_001_AccountRegistration.test_accout_Registration()[pri:0, instance:testCases.TC_001_AccountRegistration@576d5deb]" name="test_accout_Registration" class="testCases.TC_001_AccountRegistration"/>
      </group> <!-- regression -->
      <group name="sanity">
        <method signature="TC_002_Login.test_Login()[pri:0, instance:testCases.TC_002_Login@6221a451]" name="test_Login" class="testCases.TC_002_Login"/>
      </group> <!-- sanity -->
      <group name="master">
        <method signature="TC_001_AccountRegistration.test_accout_Registration()[pri:0, instance:testCases.TC_001_AccountRegistration@576d5deb]" name="test_accout_Registration" class="testCases.TC_001_AccountRegistration"/>
        <method signature="TC_002_Login.test_Login()[pri:0, instance:testCases.TC_002_Login@6221a451]" name="test_Login" class="testCases.TC_002_Login"/>
      </group> <!-- master -->
    </groups>
    <test started-at="2022-07-09T21:58:52 IST" name="OpenCarts Tests" finished-at="2022-07-09T22:00:41 IST" duration-ms="109437">
      <class name="testCases.TC_002_Login">
        <test-method is-config="true" signature="setup(java.lang.String)[pri:0, instance:testCases.TC_002_Login@6221a451]" started-at="2022-07-09T21:59:21 IST" name="setup" finished-at="2022-07-09T21:59:24 IST" duration-ms="3640" status="PASS">
          <params>
            <param index="0">
              <value>
                <![CDATA[chrome]]>
              </value>
            </param>
          </params>
          <reporter-output>
          </reporter-output>
        </test-method> <!-- setup -->
        <test-method signature="test_Login()[pri:0, instance:testCases.TC_002_Login@6221a451]" started-at="2022-07-09T21:59:24 IST" name="test_Login" finished-at="2022-07-09T21:59:31 IST" duration-ms="6949" status="PASS">
          <reporter-output>
          </reporter-output>
        </test-method> <!-- test_Login -->
        <test-method is-config="true" signature="tearDown()[pri:0, instance:testCases.TC_002_Login@6221a451]" started-at="2022-07-09T21:59:31 IST" name="tearDown" finished-at="2022-07-09T21:59:32 IST" duration-ms="792" status="PASS">
          <reporter-output>
          </reporter-output>
        </test-method> <!-- tearDown -->
      </class> <!-- testCases.TC_002_Login -->
      <class name="testCases.TC_001_AccountRegistration">
        <test-method is-config="true" signature="setup(java.lang.String)[pri:0, instance:testCases.TC_001_AccountRegistration@576d5deb]" started-at="2022-07-09T21:58:54 IST" name="setup" finished-at="2022-07-09T21:59:09 IST" duration-ms="15046" status="PASS">
          <params>
            <param index="0">
              <value>
                <![CDATA[chrome]]>
              </value>
            </param>
          </params>
          <reporter-output>
          </reporter-output>
        </test-method> <!-- setup -->
        <test-method signature="test_accout_Registration()[pri:0, instance:testCases.TC_001_AccountRegistration@576d5deb]" started-at="2022-07-09T21:59:09 IST" name="test_accout_Registration" finished-at="2022-07-09T21:59:20 IST" duration-ms="11207" status="PASS">
          <reporter-output>
          </reporter-output>
        </test-method> <!-- test_accout_Registration -->
        <test-method is-config="true" signature="tearDown()[pri:0, instance:testCases.TC_001_AccountRegistration@576d5deb]" started-at="2022-07-09T21:59:20 IST" name="tearDown" finished-at="2022-07-09T21:59:21 IST" duration-ms="775" status="PASS">
          <reporter-output>
          </reporter-output>
        </test-method> <!-- tearDown -->
      </class> <!-- testCases.TC_001_AccountRegistration -->
      <class name="testCases.TC_003_LoginDDT">
        <test-method is-config="true" signature="setup(java.lang.String)[pri:0, instance:testCases.TC_003_LoginDDT@52719fb6]" started-at="2022-07-09T21:59:32 IST" name="setup" finished-at="2022-07-09T21:59:36 IST" duration-ms="3639" status="PASS">
          <params>
            <param index="0">
              <value>
                <![CDATA[chrome]]>
              </value>
            </param>
          </params>
          <reporter-output>
          </reporter-output>
        </test-method> <!-- setup -->
        <test-method signature="test_LoginDDT(java.lang.String,java.lang.String,java.lang.String)[pri:0, instance:testCases.TC_003_LoginDDT@52719fb6]" started-at="2022-07-09T21:59:41 IST" name="test_LoginDDT" data-provider="LoginData" finished-at="2022-07-09T21:59:50 IST" duration-ms="8594" status="PASS">
          <params>
            <param index="0">
              <value>
                <![CDATA[parnika@gmail.com]]>
              </value>
            </param>
            <param index="1">
              <value>
                <![CDATA[Abc@123]]>
              </value>
            </param>
            <param index="2">
              <value>
                <![CDATA[Valid]]>
              </value>
            </param>
          </params>
          <reporter-output>
          </reporter-output>
        </test-method> <!-- test_LoginDDT -->
        <test-method signature="test_LoginDDT(java.lang.String,java.lang.String,java.lang.String)[pri:0, instance:testCases.TC_003_LoginDDT@52719fb6]" started-at="2022-07-09T21:59:50 IST" name="test_LoginDDT" data-provider="LoginData" finished-at="2022-07-09T22:00:05 IST" duration-ms="15476" status="PASS">
          <params>
            <param index="0">
              <value>
                <![CDATA[pavanoltraining@gmail.com]]>
              </value>
            </param>
            <param index="1">
              <value>
                <![CDATA[test]]>
              </value>
            </param>
            <param index="2">
              <value>
                <![CDATA[Invalid]]>
              </value>
            </param>
          </params>
          <reporter-output>
          </reporter-output>
        </test-method> <!-- test_LoginDDT -->
        <test-method signature="test_LoginDDT(java.lang.String,java.lang.String,java.lang.String)[pri:0, instance:testCases.TC_003_LoginDDT@52719fb6]" started-at="2022-07-09T22:00:05 IST" name="test_LoginDDT" data-provider="LoginData" finished-at="2022-07-09T22:00:26 IST" duration-ms="20550" status="PASS">
          <params>
            <param index="0">
              <value>
                <![CDATA[pavan@gmail.com]]>
              </value>
            </param>
            <param index="1">
              <value>
                <![CDATA[test123]]>
              </value>
            </param>
            <param index="2">
              <value>
                <![CDATA[Invalid]]>
              </value>
            </param>
          </params>
          <reporter-output>
          </reporter-output>
        </test-method> <!-- test_LoginDDT -->
        <test-method signature="test_LoginDDT(java.lang.String,java.lang.String,java.lang.String)[pri:0, instance:testCases.TC_003_LoginDDT@52719fb6]" started-at="2022-07-09T22:00:26 IST" name="test_LoginDDT" data-provider="LoginData" finished-at="2022-07-09T22:00:41 IST" duration-ms="14857" status="PASS">
          <params>
            <param index="0">
              <value>
                <![CDATA[pavan@gmail.com]]>
              </value>
            </param>
            <param index="1">
              <value>
                <![CDATA[test]]>
              </value>
            </param>
            <param index="2">
              <value>
                <![CDATA[Invalid]]>
              </value>
            </param>
          </params>
          <reporter-output>
          </reporter-output>
        </test-method> <!-- test_LoginDDT -->
        <test-method is-config="true" signature="tearDown()[pri:0, instance:testCases.TC_003_LoginDDT@52719fb6]" started-at="2022-07-09T22:00:41 IST" name="tearDown" finished-at="2022-07-09T22:00:41 IST" duration-ms="759" status="PASS">
          <reporter-output>
          </reporter-output>
        </test-method> <!-- tearDown -->
      </class> <!-- testCases.TC_003_LoginDDT -->
    </test> <!-- OpenCarts Tests -->
  </suite> <!-- OpenCart Test Suite -->
</testng-results>
