<?xml version="1.0" encoding="UTF-8"?>
<!-- Generated by org.testng.reporters.JUnitXMLReporter -->
<testsuite ignored="1" hostname="DESKTOP-0B95HP3" failures="0" tests="1" name="opencartTests" time="75.337" errors="0" timestamp="2022-07-05T18:43:00 IST">
  <testcase classname="testCases.TC_002_Login" name="test_Login" time="30.016"/>
  <testcase classname="testCases.TC_001_AccountRegistration" name="test_accout_Registration" time="0.0">
    <ignored/>
  </testcase> <!-- test_accout_Registration -->
</testsuite> <!-- opencartTests -->
